-------------------------------------------------------------------------------
Test set: com.pinky.backend.config.DataSeederTest
-------------------------------------------------------------------------------
Tests run: 1, Failures: 1, Errors: 0, Skipped: 0, Time elapsed: 0.714 s <<< FAILURE! -- in com.pinky.backend.config.DataSeederTest
com.pinky.backend.config.DataSeederTest.runShouldNotFailWhenDatabaseIsUnavailable -- Time elapsed: 0.684 s <<< FAILURE!
org.opentest4j.AssertionFailedError: Unexpected exception thrown: java.lang.RuntimeException: DB unavailable
	at org.junit.jupiter.api.AssertionFailureBuilder.build(AssertionFailureBuilder.java:152)
	at org.junit.jupiter.api.AssertDoesNotThrow.createAssertionFailedError(AssertDoesNotThrow.java:84)
	at org.junit.jupiter.api.AssertDoesNotThrow.assertDoesNotThrow(AssertDoesNotThrow.java:53)
	at org.junit.jupiter.api.AssertDoesNotThrow.assertDoesNotThrow(AssertDoesNotThrow.java:36)
	at org.junit.jupiter.api.Assertions.assertDoesNotThrow(Assertions.java:3168)
	at com.pinky.backend.config.DataSeederTest.runShouldNotFailWhenDatabaseIsUnavailable(DataSeederTest.java:38)
	at java.base/java.lang.reflect.Method.invoke(Method.java:565)
	at java.base/java.util.ArrayList.forEach(ArrayList.java:1604)
	at java.base/java.util.ArrayList.forEach(ArrayList.java:1604)
Caused by: java.lang.RuntimeException: DB unavailable
	at com.pinky.backend.config.DataSeeder.run(DataSeeder.java:33)
	at com.pinky.backend.config.DataSeederTest.lambda$runShouldNotFailWhenDatabaseIsUnavailable$0(DataSeederTest.java:38)
	at org.junit.jupiter.api.AssertDoesNotThrow.assertDoesNotThrow(AssertDoesNotThrow.java:49)
	... 6 more

